<?xml version="1.0" encoding="UTF-8"?>
<testng-results skipped="0" failed="1" total="2" passed="1">
  <reporter-output>
  </reporter-output>
  <suite name="SmokeSuiteMaster" duration-ms="545517" started-at="2018-08-21T08:15:58Z" finished-at="2018-08-21T08:25:04Z">
    <groups>
    </groups>
    <test name="FirefoxTest3" duration-ms="545517" started-at="2018-08-21T08:15:58Z" finished-at="2018-08-21T08:25:04Z">
      <class name="vibe.admin.tests.AdminEcard">
        <test-method status="FAIL" signature="createEcardCategory()[pri:2001, instance:vibe.admin.tests.AdminEcard@548ad73b]" name="createEcardCategory" duration-ms="217510" started-at="2018-08-21T13:51:26Z" finished-at="2018-08-21T13:55:04Z">
          <exception class="java.lang.AssertionError">
            <message>
              <![CDATA[Ecard Parent 215107 Parent Category is not present. expected [true] but found [false]]]>
            </message>
            <full-stacktrace>
              <![CDATA[java.lang.AssertionError: Ecard Parent 215107 Parent Category is not present. expected [true] but found [false]
	at org.testng.Assert.fail(Assert.java:94)
	at org.testng.Assert.failNotEquals(Assert.java:513)
	at org.testng.Assert.assertTrue(Assert.java:42)
	at vibe.ecards.tests.EcardMethods.validateCategories(EcardMethods.java:238)
	at vibe.admin.tests.AdminEcard.createEcardCategory(AdminEcard.java:27)
	at sun.reflect.NativeMethodAccessorImpl.invoke0(Native Method)
	at sun.reflect.NativeMethodAccessorImpl.invoke(Unknown Source)
	at sun.reflect.DelegatingMethodAccessorImpl.invoke(Unknown Source)
	at java.lang.reflect.Method.invoke(Unknown Source)
	at org.testng.internal.MethodInvocationHelper.invokeMethod(MethodInvocationHelper.java:86)
	at org.testng.internal.Invoker.invokeMethod(Invoker.java:643)
	at org.testng.internal.Invoker.retryFailed(Invoker.java:967)
	at org.testng.internal.Invoker.invokeTestMethods(Invoker.java:1146)
	at org.testng.internal.TestMethodWorker.invokeTestMethods(TestMethodWorker.java:129)
	at org.testng.internal.TestMethodWorker.run(TestMethodWorker.java:112)
	at org.testng.TestRunner.privateRun(TestRunner.java:782)
	at org.testng.TestRunner.run(TestRunner.java:632)
	at org.testng.SuiteRunner.runTest(SuiteRunner.java:366)
	at org.testng.SuiteRunner.access$000(SuiteRunner.java:39)
	at org.testng.SuiteRunner$SuiteWorker.run(SuiteRunner.java:400)
	at org.testng.internal.thread.ThreadUtil$2.call(ThreadUtil.java:64)
	at java.util.concurrent.FutureTask.run(Unknown Source)
	at java.util.concurrent.ThreadPoolExecutor.runWorker(Unknown Source)
	at java.util.concurrent.ThreadPoolExecutor$Worker.run(Unknown Source)
	at java.lang.Thread.run(Unknown Source)
]]>
            </full-stacktrace>
          </exception> <!-- java.lang.AssertionError -->
          <reporter-output>
          </reporter-output>
        </test-method> <!-- createEcardCategory -->
      </class> <!-- vibe.admin.tests.AdminEcard -->
      <class name="common.DriverInitializerGrid">
        <test-method status="PASS" signature="openBrowser(java.lang.String, java.lang.String)[pri:0, instance:common.DriverInitializerGrid@4cf4d528]" name="openBrowser" is-config="true" duration-ms="14243" started-at="2018-08-21T13:45:58Z" finished-at="2018-08-21T13:46:12Z">
          <params>
            <param index="0">
              <value>
                <![CDATA[firefox]]>
              </value>
            </param>
            <param index="1">
              <value>
                <![CDATA[http://monat-stage2.vibeoffice.com/]]>
              </value>
            </param>
          </params>
          <reporter-output>
          </reporter-output>
        </test-method> <!-- openBrowser -->
      </class> <!-- common.DriverInitializerGrid -->
      <class name="common.LoginCredentials">
        <test-method status="PASS" signature="login()[pri:101, instance:common.LoginCredentials@77846d2c]" name="login" duration-ms="93920" started-at="2018-08-21T13:46:12Z" finished-at="2018-08-21T13:47:46Z">
          <reporter-output>
          </reporter-output>
        </test-method> <!-- login -->
      </class> <!-- common.LoginCredentials -->
    </test> <!-- FirefoxTest3 -->
  </suite> <!-- SmokeSuiteMaster -->
</testng-results>
