<?xml version="1.0" encoding="UTF-8"?>
<!-- Generated by org.testng.reporters.JUnitXMLReporter -->
<testsuite hostname="RAVI" name="FirefoxTest3" tests="3" failures="1" timestamp="21 Aug 2018 08:25:04 GMT" time="545.517" errors="0">
  <testcase name="login" time="93.92" classname="common.LoginCredentials"/>
  <testcase name="createEcardCategory" time="219.82" classname="vibe.admin.tests.AdminEcard">
    <skipped/>
  </testcase> <!-- createEcardCategory -->
  <testcase name="createEcardCategory" time="217.51" classname="vibe.admin.tests.AdminEcard">
    <failure type="java.lang.AssertionError" message="Ecard Parent 215107 Parent Category is not present. expected [true] but found [false]">
      <![CDATA[java.lang.AssertionError: Ecard Parent 215107 Parent Category is not present. expected [true] but found [false]
	at vibe.ecards.tests.EcardMethods.validateCategories(EcardMethods.java:238)
	at vibe.admin.tests.AdminEcard.createEcardCategory(AdminEcard.java:27)
	at java.util.concurrent.FutureTask.run(Unknown Source)
	at java.util.concurrent.ThreadPoolExecutor.runWorker(Unknown Source)
	at java.util.concurrent.ThreadPoolExecutor$Worker.run(Unknown Source)
	at java.lang.Thread.run(Unknown Source)
... Removed 19 stack frames]]>
    </failure>
  </testcase> <!-- createEcardCategory -->
</testsuite> <!-- FirefoxTest3 -->
