<?xml version="1.0" encoding="UTF-8"?>
<!-- Generated by org.testng.reporters.JUnitXMLReporter -->
<testsuite hostname="DESKTOP-4ST0B1N" name="FirefoxTest4" tests="4" failures="2" timestamp="28 Nov 2018 06:08:26 GMT" time="300.158" errors="0">
  <testcase name="login" time="14.069" classname="common.LoginCredentials">
    <skipped/>
  </testcase> <!-- login -->
  <testcase name="login" time="9.618" classname="common.LoginCredentials">
    <failure type="java.lang.AssertionError" message="expected [Signed in successfully.] but found [The user ID or password is incorrect, Please try again.]">
      <![CDATA[java.lang.AssertionError: expected [Signed in successfully.] but found [The user ID or password is incorrect, Please try again.]
	at common.TestBase.confirmationMessage(TestBase.java:984)
	at common.TestBase.logIn(TestBase.java:78)
	at common.LoginCredentials.login(LoginCredentials.java:12)
	at java.util.concurrent.FutureTask.run(Unknown Source)
	at java.util.concurrent.ThreadPoolExecutor.runWorker(Unknown Source)
	at java.util.concurrent.ThreadPoolExecutor$Worker.run(Unknown Source)
	at java.lang.Thread.run(Unknown Source)
... Removed 22 stack frames]]>
    </failure>
  </testcase> <!-- login -->
  <testcase name="loginAsUser" time="132.971" classname="common.UserLogin">
    <skipped/>
  </testcase> <!-- loginAsUser -->
  <testcase name="loginAsUser" time="133.203" classname="common.UserLogin">
    <failure type="org.openqa.selenium.NoSuchElementException" message="Unable to locate element: //*[@id=&amp;apos;users&amp;apos;]/table[@class=&amp;apos;table table-striped filter&amp;apos;]/tbody
For documentation on this error, please visit: http://seleniumhq.org/exceptions/no_such_element.html
Build info: version: &amp;apos;3.4.0&amp;apos;, revision: &amp;apos;unknown&amp;apos;, time: &amp;apos;unknown&amp;apos;
System info: host: &amp;apos;DESKTOP-4ST0B1N&amp;apos;, ip: &amp;apos;192.168.99.1&amp;apos;, os.name: &amp;apos;Windows 10&amp;apos;, os.arch: &amp;apos;amd64&amp;apos;, os.version: &amp;apos;10.0&amp;apos;, java.version: &amp;apos;1.8.0_191&amp;apos;
Driver info: org.openqa.selenium.remote.RemoteWebDriver
Capabilities [{moz:profile=C:\Users\DELL\AppData\Local\Temp\rust_mozprofile.RnRelQhrZliB, rotatable=false, timeouts={implicit=0.0, pageLoad=300000.0, script=30000.0}, pageLoadStrategy=normal, moz:headless=false, platform=ANY, moz:accessibilityChecks=false, moz:useNonSpecCompliantPointerOrigin=false, acceptInsecureCerts=true, browserVersion=59.0, platformVersion=10.0, moz:processID=1648.0, browserName=firefox, javascriptEnabled=true, platformName=windows_nt, moz:webdriverClick=true}]
Session ID: b4fc0698-7e60-4039-a95e-da5dcac9fdf9
*** Element info: {Using=xpath, value=//*[@id=&amp;apos;users&amp;apos;]/table[@class=&amp;apos;table table-striped filter&amp;apos;]/tbody}">
      <![CDATA[org.openqa.selenium.NoSuchElementException: Unable to locate element: //*[@id='users']/table[@class='table table-striped filter']/tbody
For documentation on this error, please visit: http://seleniumhq.org/exceptions/no_such_element.html
Build info: version: '3.4.0', revision: 'unknown', time: 'unknown'
System info: host: 'DESKTOP-4ST0B1N', ip: '192.168.99.1', os.name: 'Windows 10', os.arch: 'amd64', os.version: '10.0', java.version: '1.8.0_191'
Driver info: org.openqa.selenium.remote.RemoteWebDriver
Capabilities [{moz:profile=C:\Users\DELL\AppData\Local\Temp\rust_mozprofile.RnRelQhrZliB, rotatable=false, timeouts={implicit=0.0, pageLoad=300000.0, script=30000.0}, pageLoadStrategy=normal, moz:headless=false, platform=ANY, moz:accessibilityChecks=false, moz:useNonSpecCompliantPointerOrigin=false, acceptInsecureCerts=true, browserVersion=59.0, platformVersion=10.0, moz:processID=1648.0, browserName=firefox, javascriptEnabled=true, platformName=windows_nt, moz:webdriverClick=true}]
Session ID: b4fc0698-7e60-4039-a95e-da5dcac9fdf9
*** Element info: {Using=xpath, value=//*[@id='users']/table[@class='table table-striped filter']/tbody}
	at org.openqa.selenium.remote.http.W3CHttpResponseCodec.createException(W3CHttpResponseCodec.java:150)
	at org.openqa.selenium.remote.http.W3CHttpResponseCodec.decode(W3CHttpResponseCodec.java:115)
	at org.openqa.selenium.remote.http.W3CHttpResponseCodec.decode(W3CHttpResponseCodec.java:45)
	at org.openqa.selenium.remote.HttpCommandExecutor.execute(HttpCommandExecutor.java:164)
	at org.openqa.selenium.remote.RemoteWebDriver.execute(RemoteWebDriver.java:637)
	at org.openqa.selenium.remote.RemoteWebDriver.findElement(RemoteWebDriver.java:410)
	at org.openqa.selenium.remote.RemoteWebDriver.findElementByXPath(RemoteWebDriver.java:509)
	at org.openqa.selenium.By$ByXPath.findElement(By.java:361)
	at org.openqa.selenium.remote.RemoteWebDriver.findElement(RemoteWebDriver.java:402)
	at common.TestBase.selectUser(TestBase.java:1346)
	at common.TestBase.advancedSearchToSelectUser(TestBase.java:1339)
	at common.TestBase.loginAsUserFromAdvanced(TestBase.java:1318)
	at common.UserLogin.loginAsUser(UserLogin.java:12)
	at java.util.concurrent.FutureTask.run(Unknown Source)
	at java.util.concurrent.ThreadPoolExecutor.runWorker(Unknown Source)
	at java.util.concurrent.ThreadPoolExecutor$Worker.run(Unknown Source)
	at java.lang.Thread.run(Unknown Source)
... Removed 19 stack frames]]>
    </failure>
  </testcase> <!-- loginAsUser -->
</testsuite> <!-- FirefoxTest4 -->
