<!DOCTYPE html PUBLIC "-//W3C//DTD XHTML 1.1//EN" "http://www.w3.org/TR/xhtml11/DTD/xhtml11.dtd">
<html xmlns="http://www.w3.org/1999/xhtml">
<head>
<title>TestNG Report</title>
<style type="text/css">
table {margin-bottom:10px;border-collapse:collapse;empty-cells:show}
td,th {border:1px solid #009;padding:.25em .5em}
.result th {vertical-align:bottom}
.param th {padding-left:1em;padding-right:1em}
.param td {padding-left:.5em;padding-right:2em}
.stripe td,.stripe th {background-color: #E6EBF9}
.numi,.numi_attn {text-align:right}
.total td {font-weight:bold}
.passedodd td {color: #0A0}
.passedeven td {color: #0A0}
.skippedodd td {color: #CCC}
.skippedodd td {color: #DDD}
.failedodd td,.numi_attn {color: #D00}
.failedeven td,.stripe .numi_attn {color: #D00}
.stacktrace {white-space:pre;font-family:monospace}
.totop {font-size:85%;text-align:center;border-bottom:2px solid #000}
</style>
</head>
<body>
<center><h1>Full Suite Report - 2018/11/28 11:38:26</h1></center><table cellspacing="0" cellpadding="0" class="testOverview">
<tr><th>Test</th><th>Methods<br/>Passed</th><th># skipped</th><th># failed</th><th>Browser</th><th>Start<br/>Time</th><th>End<br/>Time</th><th>Total<br/>Time(hh:mm:ss)</th><th>Included<br/>Groups</th><th>Excluded<br/>Groups</th></tr>
<tr><th colspan="10">SmokeSuiteMaster</th></tr>
<tr><td style="text-align:left;padding-right:2em"><a href="#t1"><b>FirefoxTest2</b></a></td><td class="numi">0</td><td class="numi">0</td><td class="numi_attn">1</td><td class="numi">firefox</td></td>
<td class="numi">11:33:25</td></td>
<td class="numi">11:33:51</td></td>
<td class="numi">00:00:25</td><td class="numi"></td><td class="numi"></td></tr>
<tr class="stripe"><td style="text-align:left;padding-right:2em"><a href="#t2"><b>FirefoxTest4</b></a></td><td class="numi">0</td><td class="numi">0</td><td class="numi_attn">2</td><td class="numi">firefox</td></td>
<td class="numi">11:33:25</td></td>
<td class="numi">11:38:26</td></td>
<td class="numi">00:05:00</td><td class="numi"></td><td class="numi"></td></tr>
<tr class="total"><td>Total</td>
<td class="numi">0</td><td class="numi">0</td><td class="numi_attn">3</td><td class="numi"> </td><td class="numi"> </td><td class="numi"> </td><td class="numi">00:05:00</td><td colspan="3">&nbsp;</td></tr>
</table>
<table cellspacing="0" cellpadding="0" class="methodOverview" id="summary">
<tr><th>Class</th><th>Method</th><th>Exception Info</th><th>Start Time </th><th>Execution Time<br/>(hh:mm:ss)</th></tr>
<tr><th colspan="5">SmokeSuiteMaster</th></tr>
<tr id="t1"><th colspan="5">FirefoxTest2 &#8212; failed</th></tr>
<tr class="failedodd"><td>common.LoginCredentials</td><td><a href="#m1"><b>login</b>  </a></td><td class="numi" style="text-align:left;padding-right:2em">java.lang.AssertionError: expected [Signed in successfully.] but found [The user ID or password is incorrect, Please try again.]<br/></td><td style="text-align:right">11:33:36</td><td class="numi">00:00:15</td></tr>
<tr id="t2"><th colspan="5">FirefoxTest4 &#8212; failed</th></tr>
<tr class="failedodd"><td>common.LoginCredentials</td><td><a href="#m2"><b>login</b>  </a></td><td class="numi" style="text-align:left;padding-right:2em">java.lang.AssertionError: expected [Signed in successfully.] but found [The user ID or password is incorrect, Please try again.]<br/></td><td style="text-align:right">11:33:50</td><td class="numi">00:00:09</td></tr>
<tr class="failedeven"><td>common.UserLogin</td><td><a href="#m3"><b>loginAsUser</b>  </a></td><td class="numi" style="text-align:left;padding-right:2em">org.openqa.selenium.NoSuchElementException: Unable to locate element: //*[@id=&apos;users&apos;]/table[@class=&apos;table table-striped filter&apos;]/tbody<br/></td><td style="text-align:right">11:36:12</td><td class="numi">00:02:14</td></tr>
</table>
<h1>FirefoxTest2</h1>
<h2 id="m1">common.LoginCredentials:login</h2>
<div>
<div class="stacktrace">java.lang.AssertionError: expected [Signed in successfully.] but found [The user ID or password is incorrect, Please try again.]
	at common.TestBase.confirmationMessage(TestBase.java:984)
	at common.TestBase.logIn(TestBase.java:78)
	at common.LoginCredentials.login(LoginCredentials.java:12)
	at java.util.concurrent.FutureTask.run(Unknown Source)
	at java.util.concurrent.ThreadPoolExecutor.runWorker(Unknown Source)
	at java.util.concurrent.ThreadPoolExecutor$Worker.run(Unknown Source)
	at java.lang.Thread.run(Unknown Source)
... Removed 22 stack frames</div>
</div>
<p class="totop"><a href="#summary">back to summary</a></p>
<h1>FirefoxTest4</h1>
<h2 id="m2">common.LoginCredentials:login</h2>
<div>
<div class="stacktrace">java.lang.AssertionError: expected [Signed in successfully.] but found [The user ID or password is incorrect, Please try again.]
	at common.TestBase.confirmationMessage(TestBase.java:984)
	at common.TestBase.logIn(TestBase.java:78)
	at common.LoginCredentials.login(LoginCredentials.java:12)
	at java.util.concurrent.FutureTask.run(Unknown Source)
	at java.util.concurrent.ThreadPoolExecutor.runWorker(Unknown Source)
	at java.util.concurrent.ThreadPoolExecutor$Worker.run(Unknown Source)
	at java.lang.Thread.run(Unknown Source)
... Removed 22 stack frames</div>
</div>
<p class="totop"><a href="#summary">back to summary</a></p>
<h2 id="m3">common.UserLogin:loginAsUser</h2>
<div>
<div class="stacktrace">org.openqa.selenium.NoSuchElementException: Unable to locate element: //*[@id=&apos;users&apos;]/table[@class=&apos;table table-striped filter&apos;]/tbody
For documentation on this error, please visit: http://seleniumhq.org/exceptions/no_such_element.html
Build info: version: &apos;3.4.0&apos;, revision: &apos;unknown&apos;, time: &apos;unknown&apos;
System info: host: &apos;DESKTOP-4ST0B1N&apos;, ip: &apos;192.168.99.1&apos;, os.name: &apos;Windows 10&apos;, os.arch: &apos;amd64&apos;, os.version: &apos;10.0&apos;, java.version: &apos;1.8.0_191&apos;
Driver info: org.openqa.selenium.remote.RemoteWebDriver
Capabilities [{moz:profile=C:\Users\DELL\AppData\Local\Temp\rust_mozprofile.RnRelQhrZliB, rotatable=false, timeouts={implicit=0.0, pageLoad=300000.0, script=30000.0}, pageLoadStrategy=normal, moz:headless=false, platform=ANY, moz:accessibilityChecks=false, moz:useNonSpecCompliantPointerOrigin=false, acceptInsecureCerts=true, browserVersion=59.0, platformVersion=10.0, moz:processID=1648.0, browserName=firefox, javascriptEnabled=true, platformName=windows_nt, moz:webdriverClick=true}]
Session ID: b4fc0698-7e60-4039-a95e-da5dcac9fdf9
*** Element info: {Using=xpath, value=//*[@id=&apos;users&apos;]/table[@class=&apos;table table-striped filter&apos;]/tbody}
	at org.openqa.selenium.remote.http.W3CHttpResponseCodec.createException(W3CHttpResponseCodec.java:150)
	at org.openqa.selenium.remote.http.W3CHttpResponseCodec.decode(W3CHttpResponseCodec.java:115)
	at org.openqa.selenium.remote.http.W3CHttpResponseCodec.decode(W3CHttpResponseCodec.java:45)
	at org.openqa.selenium.remote.HttpCommandExecutor.execute(HttpCommandExecutor.java:164)
	at org.openqa.selenium.remote.RemoteWebDriver.execute(RemoteWebDriver.java:637)
	at org.openqa.selenium.remote.RemoteWebDriver.findElement(RemoteWebDriver.java:410)
	at org.openqa.selenium.remote.RemoteWebDriver.findElementByXPath(RemoteWebDriver.java:509)
	at org.openqa.selenium.By$ByXPath.findElement(By.java:361)
	at org.openqa.selenium.remote.RemoteWebDriver.findElement(RemoteWebDriver.java:402)
	at common.TestBase.selectUser(TestBase.java:1346)
	at common.TestBase.advancedSearchToSelectUser(TestBase.java:1339)
	at common.TestBase.loginAsUserFromAdvanced(TestBase.java:1318)
	at common.UserLogin.loginAsUser(UserLogin.java:12)
	at java.util.concurrent.FutureTask.run(Unknown Source)
	at java.util.concurrent.ThreadPoolExecutor.runWorker(Unknown Source)
	at java.util.concurrent.ThreadPoolExecutor$Worker.run(Unknown Source)
	at java.lang.Thread.run(Unknown Source)
... Removed 19 stack frames</div>
</div>
<p class="totop"><a href="#summary">back to summary</a></p>
<center> TestNG Report </center>
</body></html>
