<!DOCTYPE html PUBLIC "-//W3C//DTD XHTML 1.1//EN" "http://www.w3.org/TR/xhtml11/DTD/xhtml11.dtd">
<html xmlns="http://www.w3.org/1999/xhtml"><head><title>TestNG Report</title><style type="text/css">table {margin-bottom:10px;border-collapse:collapse;empty-cells:show}th,td {border:1px solid #009;padding:.25em .5em}th {vertical-align:bottom}td {vertical-align:top}table a {font-weight:bold}.stripe td {background-color: #E6EBF9}.num {text-align:right}.passedodd td {background-color: #3F3}.passedeven td {background-color: #0A0}.skippedodd td {background-color: #DDD}.skippedeven td {background-color: #CCC}.failedodd td,.attn {background-color: #F33}.failedeven td,.stripe .attn {background-color: #D00}.stacktrace {white-space:pre;font-family:monospace}.totop {font-size:85%;text-align:center;border-bottom:2px solid #000}</style></head><body><table><tr><th>Test</th><th># Passed</th><th># Skipped</th><th># Failed</th><th>Time (ms)</th><th>Included Groups</th><th>Excluded Groups</th></tr><tr><th colspan="7">SmokeSuiteMaster</th></tr><tr><td><a href="#t0">FirefoxTest2</a></td><td class="num">0</td><td class="num">0</td><td class="num attn">1</td><td class="num">25,247</td><td></td><td></td></tr><tr class="stripe"><td><a href="#t1">FirefoxTest4</a></td><td class="num">0</td><td class="num">0</td><td class="num attn">2</td><td class="num">300,158</td><td></td><td></td></tr><tr><th>Total</th><th class="num">0</th><th class="num">0</th><th class="num attn">3</th><th class="num">325,405</th><th colspan="2"></th></tr></table><table><thead><tr><th>Class</th><th>Method</th><th>Start</th><th>Time (ms)</th></tr></thead><tbody><tr><th colspan="4">SmokeSuiteMaster</th></tr></tbody><tbody id="t0"><tr><th colspan="4">FirefoxTest2 &#8212; failed</th></tr><tr class="failedeven"><td rowspan="1">common.LoginCredentials</td><td><a href="#m0">login</a></td><td rowspan="1">1543385016796</td><td rowspan="1">14354</td></tr></tbody><tbody id="t1"><tr><th colspan="4">FirefoxTest4 &#8212; failed</th></tr><tr class="failedeven"><td rowspan="1">common.LoginCredentials</td><td><a href="#m1">login</a></td><td rowspan="1">1543385030257</td><td rowspan="1">9618</td></tr><tr class="failedodd"><td rowspan="1">common.UserLogin</td><td><a href="#m2">loginAsUser</a></td><td rowspan="1">1543385172859</td><td rowspan="1">133203</td></tr></tbody></table><h2>FirefoxTest2</h2><h3 id="m0">common.LoginCredentials#login</h3><table class="result"><tr><th>Exception</th></tr><tr><td><div class="stacktrace">java.lang.AssertionError: expected [Signed in successfully.] but found [The user ID or password is incorrect, Please try again.]
	at common.TestBase.confirmationMessage(TestBase.java:984)
	at common.TestBase.logIn(TestBase.java:78)
	at common.LoginCredentials.login(LoginCredentials.java:12)
	at java.util.concurrent.FutureTask.run(Unknown Source)
	at java.util.concurrent.ThreadPoolExecutor.runWorker(Unknown Source)
	at java.util.concurrent.ThreadPoolExecutor$Worker.run(Unknown Source)
	at java.lang.Thread.run(Unknown Source)
... Removed 22 stack frames</div></td></tr></table><p class="totop"><a href="#summary">back to summary</a></p><h2>FirefoxTest4</h2><h3 id="m1">common.LoginCredentials#login</h3><table class="result"><tr><th>Exception</th></tr><tr><td><div class="stacktrace">java.lang.AssertionError: expected [Signed in successfully.] but found [The user ID or password is incorrect, Please try again.]
	at common.TestBase.confirmationMessage(TestBase.java:984)
	at common.TestBase.logIn(TestBase.java:78)
	at common.LoginCredentials.login(LoginCredentials.java:12)
	at java.util.concurrent.FutureTask.run(Unknown Source)
	at java.util.concurrent.ThreadPoolExecutor.runWorker(Unknown Source)
	at java.util.concurrent.ThreadPoolExecutor$Worker.run(Unknown Source)
	at java.lang.Thread.run(Unknown Source)
... Removed 22 stack frames</div></td></tr></table><p class="totop"><a href="#summary">back to summary</a></p><h3 id="m2">common.UserLogin#loginAsUser</h3><table class="result"><tr><th>Exception</th></tr><tr><td><div class="stacktrace">org.openqa.selenium.NoSuchElementException: Unable to locate element: //*[@id=&apos;users&apos;]/table[@class=&apos;table table-striped filter&apos;]/tbody
For documentation on this error, please visit: http://seleniumhq.org/exceptions/no_such_element.html
Build info: version: &apos;3.4.0&apos;, revision: &apos;unknown&apos;, time: &apos;unknown&apos;
System info: host: &apos;DESKTOP-4ST0B1N&apos;, ip: &apos;192.168.99.1&apos;, os.name: &apos;Windows 10&apos;, os.arch: &apos;amd64&apos;, os.version: &apos;10.0&apos;, java.version: &apos;1.8.0_191&apos;
Driver info: org.openqa.selenium.remote.RemoteWebDriver
Capabilities [{moz:profile=C:\Users\DELL\AppData\Local\Temp\rust_mozprofile.RnRelQhrZliB, rotatable=false, timeouts={implicit=0.0, pageLoad=300000.0, script=30000.0}, pageLoadStrategy=normal, moz:headless=false, platform=ANY, moz:accessibilityChecks=false, moz:useNonSpecCompliantPointerOrigin=false, acceptInsecureCerts=true, browserVersion=59.0, platformVersion=10.0, moz:processID=1648.0, browserName=firefox, javascriptEnabled=true, platformName=windows_nt, moz:webdriverClick=true}]
Session ID: b4fc0698-7e60-4039-a95e-da5dcac9fdf9
*** Element info: {Using=xpath, value=//*[@id=&apos;users&apos;]/table[@class=&apos;table table-striped filter&apos;]/tbody}
	at org.openqa.selenium.remote.http.W3CHttpResponseCodec.createException(W3CHttpResponseCodec.java:150)
	at org.openqa.selenium.remote.http.W3CHttpResponseCodec.decode(W3CHttpResponseCodec.java:115)
	at org.openqa.selenium.remote.http.W3CHttpResponseCodec.decode(W3CHttpResponseCodec.java:45)
	at org.openqa.selenium.remote.HttpCommandExecutor.execute(HttpCommandExecutor.java:164)
	at org.openqa.selenium.remote.RemoteWebDriver.execute(RemoteWebDriver.java:637)
	at org.openqa.selenium.remote.RemoteWebDriver.findElement(RemoteWebDriver.java:410)
	at org.openqa.selenium.remote.RemoteWebDriver.findElementByXPath(RemoteWebDriver.java:509)
	at org.openqa.selenium.By$ByXPath.findElement(By.java:361)
	at org.openqa.selenium.remote.RemoteWebDriver.findElement(RemoteWebDriver.java:402)
	at common.TestBase.selectUser(TestBase.java:1346)
	at common.TestBase.advancedSearchToSelectUser(TestBase.java:1339)
	at common.TestBase.loginAsUserFromAdvanced(TestBase.java:1318)
	at common.UserLogin.loginAsUser(UserLogin.java:12)
	at java.util.concurrent.FutureTask.run(Unknown Source)
	at java.util.concurrent.ThreadPoolExecutor.runWorker(Unknown Source)
	at java.util.concurrent.ThreadPoolExecutor$Worker.run(Unknown Source)
	at java.lang.Thread.run(Unknown Source)
... Removed 19 stack frames</div></td></tr></table><p class="totop"><a href="#summary">back to summary</a></p></body></html>